<?xml version="1.0" encoding="UTF-8"?>
<testng-results skipped="0" failed="0" ignored="0" total="1" passed="1">
  <reporter-output>
  </reporter-output>
  <suite name="Test-suite" duration-ms="61375" started-at="2018-07-21T13:01:23Z" finished-at="2018-07-21T13:02:24Z">
    <groups>
    </groups>
    <test name="test" duration-ms="61375" started-at="2018-07-21T13:01:23Z" finished-at="2018-07-21T13:02:24Z">
      <class name="com.automation.tests.EnterDetailsInRegistrationScreen">
        <test-method status="PASS" signature="setup()[pri:0, instance:com.automation.tests.EnterDetailsInRegistrationScreen@6b57696f]" name="setup" is-config="true" duration-ms="35700" started-at="2018-07-21T13:01:23Z" finished-at="2018-07-21T13:01:59Z">
          <reporter-output>
          </reporter-output>
        </test-method> <!-- setup -->
        <test-method status="PASS" signature="enterDetails()[pri:0, instance:com.automation.tests.EnterDetailsInRegistrationScreen@6b57696f]" name="enterDetails" duration-ms="23665" started-at="2018-07-21T13:01:59Z" finished-at="2018-07-21T13:02:22Z">
          <reporter-output>
          </reporter-output>
        </test-method> <!-- enterDetails -->
        <test-method status="PASS" signature="teardown()[pri:0, instance:com.automation.tests.EnterDetailsInRegistrationScreen@6b57696f]" name="teardown" is-config="true" duration-ms="1979" started-at="2018-07-21T13:02:22Z" finished-at="2018-07-21T13:02:24Z">
          <reporter-output>
          </reporter-output>
        </test-method> <!-- teardown -->
      </class> <!-- com.automation.tests.EnterDetailsInRegistrationScreen -->
    </test> <!-- test -->
  </suite> <!-- Test-suite -->
</testng-results>
